[debug] [2022-08-14T10:50:24.695Z] ----------------------------------------------------------------------
[debug] [2022-08-14T10:50:24.698Z] Command:       /usr/local/bin/node /usr/local/bin/firebase deploy
[debug] [2022-08-14T10:50:24.698Z] CLI Version:   11.6.0
[debug] [2022-08-14T10:50:24.698Z] Platform:      darwin
[debug] [2022-08-14T10:50:24.699Z] Node Version:  v16.14.0
[debug] [2022-08-14T10:50:24.706Z] Time:          Sun Aug 14 2022 12:50:24 GMT+0200 (Central European Summer Time)
[debug] [2022-08-14T10:50:24.707Z] ----------------------------------------------------------------------
[debug] 
[debug] [2022-08-14T10:50:24.772Z] > command requires scopes: ["email","openid","https://www.googleapis.com/auth/cloudplatformprojects.readonly","https://www.googleapis.com/auth/firebase","https://www.googleapis.com/auth/cloud-platform"]
[debug] [2022-08-14T10:50:24.772Z] > authorizing via signed-in user (belencarriondev@gmail.com)
[debug] [2022-08-14T10:50:24.772Z] [iam] checking project belen-carrion for permissions ["firebase.projects.get","firebasehosting.sites.update"]
[debug] [2022-08-14T10:50:24.774Z] >>> [apiv2][query] POST https://cloudresourcemanager.googleapis.com/v1/projects/belen-carrion:testIamPermissions [none]
[debug] [2022-08-14T10:50:24.775Z] >>> [apiv2][(partial)header] POST https://cloudresourcemanager.googleapis.com/v1/projects/belen-carrion:testIamPermissions x-goog-quota-user=projects/belen-carrion
[debug] [2022-08-14T10:50:24.775Z] >>> [apiv2][body] POST https://cloudresourcemanager.googleapis.com/v1/projects/belen-carrion:testIamPermissions {"permissions":["firebase.projects.get","firebasehosting.sites.update"]}
[debug] [2022-08-14T10:50:25.642Z] <<< [apiv2][status] POST https://cloudresourcemanager.googleapis.com/v1/projects/belen-carrion:testIamPermissions 200
[debug] [2022-08-14T10:50:25.642Z] <<< [apiv2][body] POST https://cloudresourcemanager.googleapis.com/v1/projects/belen-carrion:testIamPermissions {"permissions":["firebase.projects.get","firebasehosting.sites.update"]}
[debug] [2022-08-14T10:50:25.643Z] >>> [apiv2][query] GET https://firebase.googleapis.com/v1beta1/projects/belen-carrion [none]
[debug] [2022-08-14T10:50:26.033Z] <<< [apiv2][status] GET https://firebase.googleapis.com/v1beta1/projects/belen-carrion 200
[debug] [2022-08-14T10:50:26.033Z] <<< [apiv2][body] GET https://firebase.googleapis.com/v1beta1/projects/belen-carrion {"projectId":"belen-carrion","projectNumber":"627866238080","displayName":"belencarrion","name":"projects/belen-carrion","resources":{"hostingSite":"belen-carrion"},"state":"ACTIVE","etag":"1_59b28413-e2f1-455b-862d-71b7477b0569"}
[info] 
[info] === Deploying to 'belen-carrion'...
[info] 
[info] i  deploying hosting 
[debug] [2022-08-14T10:50:26.036Z] >>> [apiv2][query] GET https://firebase.googleapis.com/v1beta1/projects/belen-carrion [none]
[debug] [2022-08-14T10:50:26.341Z] <<< [apiv2][status] GET https://firebase.googleapis.com/v1beta1/projects/belen-carrion 200
[debug] [2022-08-14T10:50:26.342Z] <<< [apiv2][body] GET https://firebase.googleapis.com/v1beta1/projects/belen-carrion {"projectId":"belen-carrion","projectNumber":"627866238080","displayName":"belencarrion","name":"projects/belen-carrion","resources":{"hostingSite":"belen-carrion"},"state":"ACTIVE","etag":"1_59b28413-e2f1-455b-862d-71b7477b0569"}
[debug] [2022-08-14T10:50:26.344Z] >>> [apiv2][query] POST https://firebasehosting.googleapis.com/v1beta1/projects/627866238080/sites/belen-carrion/versions [none]
[debug] [2022-08-14T10:50:26.344Z] >>> [apiv2][body] POST https://firebasehosting.googleapis.com/v1beta1/projects/627866238080/sites/belen-carrion/versions {"config":{"rewrites":[{"glob":"**","path":"/index.html"}]},"labels":{"deployment-tool":"cli-firebase"}}
